<?xml version="1.0" encoding="UTF-8"?>
<robot generator="Robot 3.2.1 (Python 3.8.2 on win32)" generated="20200618 00:24:05.691" rpa="false">
<suite id="s1" name="Test-Case" source="C:\Users\pizza\python_playground\robot_dryrun\test-case">
<suite id="s1-s1" name="Test" source="C:\Users\pizza\python_playground\robot_dryrun\test-case\test.robot">
<test id="s1-s1-t1" name="My Test">
<kw name="This Keyword Exist In Test">
<assign>
<var>${result}</var>
</assign>
<status status="PASS" starttime="20200618 00:24:05.720" endtime="20200618 00:24:05.721"></status>
</kw>
<kw name="This Keyword Not Exist In Test">
<msg timestamp="20200618 00:24:05.722" level="FAIL">No keyword with name 'This Keyword Not Exist In Test' found. Did you mean:
    This Keyword Exist In Test</msg>
<status status="FAIL" starttime="20200618 00:24:05.722" endtime="20200618 00:24:05.722"></status>
</kw>
<kw name="This Keyword Exist In Keywords" library="keywords">
<arguments>
<arg>hello keyword</arg>
</arguments>
<assign>
<var>${result}</var>
</assign>
<kw name="Log" library="BuiltIn">
<doc>Logs the given message with the given level.</doc>
<arguments>
<arg>${message}</arg>
<arg>level=INFO</arg>
<arg>console=True</arg>
</arguments>
<status status="NOT_RUN" starttime="20200618 00:24:05.723" endtime="20200618 00:24:05.723"></status>
</kw>
<kw name="Log" library="BuiltIn">
<doc>Logs the given message with the given level.</doc>
<arguments>
<arg>${message}</arg>
<arg>level=DEBUG</arg>
<arg>console=True</arg>
</arguments>
<status status="NOT_RUN" starttime="20200618 00:24:05.723" endtime="20200618 00:24:05.723"></status>
</kw>
<kw name="Log" library="BuiltIn">
<doc>Logs the given message with the given level.</doc>
<arguments>
<arg>${message}</arg>
<arg>level=TRACE</arg>
<arg>console=True</arg>
</arguments>
<status status="NOT_RUN" starttime="20200618 00:24:05.723" endtime="20200618 00:24:05.723"></status>
</kw>
<kw name="This Keyword Not Exist In Keywords">
<msg timestamp="20200618 00:24:05.724" level="FAIL">No keyword with name 'This Keyword Not Exist In Keywords' found. Did you mean:
    keywords.This Keyword Exist In Keywords</msg>
<status status="FAIL" starttime="20200618 00:24:05.724" endtime="20200618 00:24:05.724"></status>
</kw>
<status status="FAIL" starttime="20200618 00:24:05.722" endtime="20200618 00:24:05.724"></status>
</kw>
<kw name="This Keyword Exist In Robotlib" library="robotlib">
<arguments>
<arg>hello robotlib</arg>
</arguments>
<assign>
<var>${result}</var>
</assign>
<status status="NOT_RUN" starttime="20200618 00:24:05.725" endtime="20200618 00:24:05.725"></status>
</kw>
<status status="FAIL" starttime="20200618 00:24:05.720" endtime="20200618 00:24:05.725" critical="yes">Several failures occurred:

1) No keyword with name 'This Keyword Not Exist In Test' found. Did you mean:
    This Keyword Exist In Test

2) No keyword with name 'This Keyword Not Exist In Keywords' found. Did you mean:
    keywords.This Keyword Exist In Keywords</status>
</test>
<status status="FAIL" starttime="20200618 00:24:05.712" endtime="20200618 00:24:05.726"></status>
</suite>
<status status="FAIL" starttime="20200618 00:24:05.692" endtime="20200618 00:24:05.727"></status>
</suite>
<statistics>
<total>
<stat pass="0" fail="1">Critical Tests</stat>
<stat pass="0" fail="1">All Tests</stat>
</total>
<tag>
</tag>
<suite>
<stat pass="0" fail="1" id="s1" name="Test-Case">Test-Case</stat>
<stat pass="0" fail="1" id="s1-s1" name="Test">Test-Case.Test</stat>
</suite>
</statistics>
<errors>
</errors>
</robot>
